[2024-07-25T12:17:22.061-0300] {local_task_job_runner.py:120} INFO - ::group::Pre task execution logs
[2024-07-25T12:17:22.067-0300] {taskinstance.py:2076} INFO - Dependencies all met for dep_context=non-requeueable deps ti=<TaskInstance: Binance_5m.get_5m_info manual__2024-07-25T15:17:20.651914+00:00 [queued]>
[2024-07-25T12:17:22.072-0300] {taskinstance.py:2076} INFO - Dependencies all met for dep_context=requeueable deps ti=<TaskInstance: Binance_5m.get_5m_info manual__2024-07-25T15:17:20.651914+00:00 [queued]>
[2024-07-25T12:17:22.072-0300] {taskinstance.py:2306} INFO - Starting attempt 1 of 1
[2024-07-25T12:17:22.091-0300] {taskinstance.py:2330} INFO - Executing <Task(BinanceOperator): get_5m_info> on 2024-07-25 15:17:20.651914+00:00
[2024-07-25T12:17:22.093-0300] {standard_task_runner.py:64} INFO - Started process 2526315 to run task
[2024-07-25T12:17:22.095-0300] {standard_task_runner.py:90} INFO - Running: ['airflow', 'tasks', 'run', 'Binance_5m', 'get_5m_info', 'manual__2024-07-25T15:17:20.651914+00:00', '--job-id', '2054', '--raw', '--subdir', 'DAGS_FOLDER/binance_dag.py', '--cfg-path', '/tmp/tmp8l5xq1kt']
[2024-07-25T12:17:22.096-0300] {standard_task_runner.py:91} INFO - Job 2054: Subtask get_5m_info
[2024-07-25T12:17:22.127-0300] {task_command.py:426} INFO - Running <TaskInstance: Binance_5m.get_5m_info manual__2024-07-25T15:17:20.651914+00:00 [running]> on host Galaxybook.
[2024-07-25T12:17:22.179-0300] {taskinstance.py:2648} INFO - Exporting env vars: AIRFLOW_CTX_DAG_OWNER='airflow' AIRFLOW_CTX_DAG_ID='Binance_5m' AIRFLOW_CTX_TASK_ID='get_5m_info' AIRFLOW_CTX_EXECUTION_DATE='2024-07-25T15:17:20.651914+00:00' AIRFLOW_CTX_TRY_NUMBER='1' AIRFLOW_CTX_DAG_RUN_ID='manual__2024-07-25T15:17:20.651914+00:00'
[2024-07-25T12:17:22.179-0300] {taskinstance.py:430} INFO - ::endgroup::
[2024-07-25T12:17:22.256-0300] {base.py:84} INFO - Using connection ID 'binance_default' for task execution.
[2024-07-25T12:17:22.257-0300] {logging_mixin.py:188} INFO - https://api.binance.com
[2024-07-25T12:17:22.257-0300] {binance_hook.py:35} INFO - URL: https://api.binance.com/api/v3/klines?symbol=BTCBRL&interval=5m&startTime=2024-07-25T15%3A10%3A00.00Z&endTime=2024-07-25T15%3A15%3A00.00Z&timeZone=-3
[2024-07-25T12:17:22.677-0300] {http.py:200} ERROR - HTTP error: Bad Request
[2024-07-25T12:17:22.677-0300] {http.py:201} ERROR - {"code":-1100,"msg":"Illegal characters found in parameter 'startTime'; legal range is '^[0-9]{1,20}$'."}
[2024-07-25T12:17:22.677-0300] {taskinstance.py:441} INFO - ::group::Post task execution logs
[2024-07-25T12:17:22.680-0300] {taskinstance.py:2905} ERROR - Task failed with exception
Traceback (most recent call last):
  File "/home/hugoviana/Documentos/data_pipeline_airflow/.venv/lib/python3.12/site-packages/airflow/providers/http/hooks/http.py", line 198, in check_response
    response.raise_for_status()
  File "/home/hugoviana/Documentos/data_pipeline_airflow/.venv/lib/python3.12/site-packages/requests/models.py", line 1021, in raise_for_status
    raise HTTPError(http_error_msg, response=self)
requests.exceptions.HTTPError: 400 Client Error: Bad Request for url: https://api.binance.com/api/v3/klines?symbol=BTCBRL&interval=5m&startTime=2024-07-25T15%3A10%3A00.00Z&endTime=2024-07-25T15%3A15%3A00.00Z&timeZone=-3

During handling of the above exception, another exception occurred:

Traceback (most recent call last):
  File "/home/hugoviana/Documentos/data_pipeline_airflow/.venv/lib/python3.12/site-packages/airflow/models/taskinstance.py", line 465, in _execute_task
    result = _execute_callable(context=context, **execute_callable_kwargs)
             ^^^^^^^^^^^^^^^^^^^^^^^^^^^^^^^^^^^^^^^^^^^^^^^^^^^^^^^^^^^^^
  File "/home/hugoviana/Documentos/data_pipeline_airflow/.venv/lib/python3.12/site-packages/airflow/models/taskinstance.py", line 432, in _execute_callable
    return execute_callable(context=context, **execute_callable_kwargs)
           ^^^^^^^^^^^^^^^^^^^^^^^^^^^^^^^^^^^^^^^^^^^^^^^^^^^^^^^^^^^^
  File "/home/hugoviana/Documentos/data_pipeline_airflow/.venv/lib/python3.12/site-packages/airflow/models/baseoperator.py", line 401, in wrapper
    return func(self, *args, **kwargs)
           ^^^^^^^^^^^^^^^^^^^^^^^^^^^
  File "/home/hugoviana/Projetos/crypto-etl/airflow_pipeline/operators/binance_operator.py", line 28, in execute
    r = BinanceHook(self.start_time, self.end_time, self.symbol, self.interval).run()
        ^^^^^^^^^^^^^^^^^^^^^^^^^^^^^^^^^^^^^^^^^^^^^^^^^^^^^^^^^^^^^^^^^^^^^^^^^^^^^
  File "/home/hugoviana/Projetos/crypto-etl/airflow_pipeline/hook/binance_hook.py", line 42, in run
    return self.connect_to_endpoint(url_raw, session)
           ^^^^^^^^^^^^^^^^^^^^^^^^^^^^^^^^^^^^^^^^^^
  File "/home/hugoviana/Projetos/crypto-etl/airflow_pipeline/hook/binance_hook.py", line 36, in connect_to_endpoint
    return self.run_and_check(session, prep, {})
           ^^^^^^^^^^^^^^^^^^^^^^^^^^^^^^^^^^^^^
  File "/home/hugoviana/Documentos/data_pipeline_airflow/.venv/lib/python3.12/site-packages/airflow/providers/http/hooks/http.py", line 239, in run_and_check
    self.check_response(response)
  File "/home/hugoviana/Documentos/data_pipeline_airflow/.venv/lib/python3.12/site-packages/airflow/providers/http/hooks/http.py", line 202, in check_response
    raise AirflowException(str(response.status_code) + ":" + response.reason)
airflow.exceptions.AirflowException: 400:Bad Request
[2024-07-25T12:17:22.683-0300] {taskinstance.py:1206} INFO - Marking task as FAILED. dag_id=Binance_5m, task_id=get_5m_info, run_id=manual__2024-07-25T15:17:20.651914+00:00, execution_date=20240725T151720, start_date=20240725T151722, end_date=20240725T151722
[2024-07-25T12:17:22.698-0300] {standard_task_runner.py:110} ERROR - Failed to execute job 2054 for task get_5m_info (400:Bad Request; 2526315)
[2024-07-25T12:17:22.713-0300] {local_task_job_runner.py:243} INFO - Task exited with return code 1
[2024-07-25T12:17:22.719-0300] {taskinstance.py:3503} INFO - 0 downstream tasks scheduled from follow-on schedule check
[2024-07-25T12:17:22.720-0300] {local_task_job_runner.py:222} INFO - ::endgroup::
